<?xml version="1.0" encoding="UTF-8"?>
<coverage generated="1523403049003" clover="3.2.0">
  <project timestamp="1523403049004" name="All files">
    <metrics statements="20" coveredstatements="20" conditionals="32" coveredconditionals="18" methods="12" coveredmethods="11" elements="64" coveredelements="49" complexity="0" loc="20" ncloc="20" packages="1" files="1" classes="1">
      <file name="main.js" path="/home/polo/Documents/j2c/lib/main.js">
        <metrics statements="20" coveredstatements="20" conditionals="32" coveredconditionals="18" methods="12" coveredmethods="11"/>
        <line num="3" count="500" type="cond" truecount="3" falsecount="7"/>
        <line num="5" count="2" type="cond" truecount="5" falsecount="3"/>
        <line num="7" count="400" type="cond" truecount="1" falsecount="1"/>
        <line num="9" count="1" type="cond" truecount="1" falsecount="1"/>
        <line num="11" count="1" type="stmt"/>
        <line num="13" count="1" type="stmt"/>
        <line num="15" count="1" type="stmt"/>
        <line num="17" count="1" type="stmt"/>
        <line num="20" count="1" type="stmt"/>
        <line num="23" count="101" type="stmt"/>
        <line num="25" count="101" type="cond" truecount="4" falsecount="0"/>
        <line num="27" count="101" type="cond" truecount="1" falsecount="1"/>
        <line num="28" count="101" type="stmt"/>
        <line num="29" count="500" type="cond" truecount="3" falsecount="1"/>
        <line num="30" count="400" type="stmt"/>
        <line num="31" count="400" type="stmt"/>
        <line num="33" count="100" type="stmt"/>
        <line num="39" count="1" type="stmt"/>
        <line num="43" count="1" type="stmt"/>
        <line num="46" count="1" type="stmt"/>
      </file>
    </metrics>
  </project>
</coverage>
