{"/home/polo/Documents/j2c/lib/main.js": {"path":"/home/polo/Documents/j2c/lib/main.js","statementMap":{"0":{"start":{"line":3,"column":14},"end":{"line":3,"column":268}},"1":{"start":{"line":3,"column":101},"end":{"line":3,"column":119}},"2":{"start":{"line":3,"column":141},"end":{"line":3,"column":266}},"3":{"start":{"line":5,"column":19},"end":{"line":5,"column":563}},"4":{"start":{"line":5,"column":76},"end":{"line":5,"column":347}},"5":{"start":{"line":5,"column":134},"end":{"line":5,"column":142}},"6":{"start":{"line":5,"column":144},"end":{"line":5,"column":199}},"7":{"start":{"line":5,"column":200},"end":{"line":5,"column":231}},"8":{"start":{"line":5,"column":232},"end":{"line":5,"column":286}},"9":{"start":{"line":5,"column":259},"end":{"line":5,"column":286}},"10":{"start":{"line":5,"column":287},"end":{"line":5,"column":345}},"11":{"start":{"line":5,"column":350},"end":{"line":5,"column":559}},"12":{"start":{"line":5,"column":407},"end":{"line":5,"column":475}},"13":{"start":{"line":5,"column":423},"end":{"line":5,"column":475}},"14":{"start":{"line":5,"column":476},"end":{"line":5,"column":536}},"15":{"start":{"line":5,"column":493},"end":{"line":5,"column":536}},"16":{"start":{"line":5,"column":537},"end":{"line":5,"column":556}},"17":{"start":{"line":7,"column":35},"end":{"line":7,"column":193}},"18":{"start":{"line":7,"column":61},"end":{"line":7,"column":145}},"19":{"start":{"line":7,"column":126},"end":{"line":7,"column":143}},"20":{"start":{"line":7,"column":146},"end":{"line":7,"column":158}},"21":{"start":{"line":7,"column":168},"end":{"line":7,"column":191}},"22":{"start":{"line":9,"column":50},"end":{"line":9,"column":151}},"23":{"start":{"line":9,"column":92},"end":{"line":9,"column":149}},"24":{"start":{"line":11,"column":8},"end":{"line":11,"column":25}},"25":{"start":{"line":13,"column":17},"end":{"line":44,"column":3}},"26":{"start":{"line":15,"column":4},"end":{"line":15,"column":38}},"27":{"start":{"line":17,"column":4},"end":{"line":17,"column":18}},"28":{"start":{"line":20,"column":2},"end":{"line":41,"column":6}},"29":{"start":{"line":23,"column":18},"end":{"line":23,"column":22}},"30":{"start":{"line":25,"column":16},"end":{"line":25,"column":89}},"31":{"start":{"line":27,"column":6},"end":{"line":27,"column":36}},"32":{"start":{"line":27,"column":29},"end":{"line":27,"column":36}},"33":{"start":{"line":28,"column":6},"end":{"line":34,"column":9}},"34":{"start":{"line":29,"column":8},"end":{"line":32,"column":9}},"35":{"start":{"line":30,"column":10},"end":{"line":30,"column":63}},"36":{"start":{"line":31,"column":10},"end":{"line":31,"column":22}},"37":{"start":{"line":33,"column":8},"end":{"line":33,"column":46}},"38":{"start":{"line":39,"column":6},"end":{"line":39,"column":79}},"39":{"start":{"line":43,"column":2},"end":{"line":43,"column":20}},"40":{"start":{"line":46,"column":0},"end":{"line":46,"column":28}}},"fnMap":{"0":{"name":"(anonymous_0)","decl":{"start":{"line":3,"column":84},"end":{"line":3,"column":85}},"loc":{"start":{"line":3,"column":99},"end":{"line":3,"column":121}},"line":3},"1":{"name":"(anonymous_1)","decl":{"start":{"line":3,"column":124},"end":{"line":3,"column":125}},"loc":{"start":{"line":3,"column":139},"end":{"line":3,"column":268}},"line":3},"2":{"name":"(anonymous_2)","decl":{"start":{"line":5,"column":19},"end":{"line":5,"column":20}},"loc":{"start":{"line":5,"column":31},"end":{"line":5,"column":561}},"line":5},"3":{"name":"defineProperties","decl":{"start":{"line":5,"column":42},"end":{"line":5,"column":58}},"loc":{"start":{"line":5,"column":74},"end":{"line":5,"column":349}},"line":5},"4":{"name":"(anonymous_4)","decl":{"start":{"line":5,"column":357},"end":{"line":5,"column":358}},"loc":{"start":{"line":5,"column":405},"end":{"line":5,"column":558}},"line":5},"5":{"name":"_toConsumableArray","decl":{"start":{"line":7,"column":9},"end":{"line":7,"column":27}},"loc":{"start":{"line":7,"column":33},"end":{"line":7,"column":195}},"line":7},"6":{"name":"_classCallCheck","decl":{"start":{"line":9,"column":9},"end":{"line":9,"column":24}},"loc":{"start":{"line":9,"column":48},"end":{"line":9,"column":153}},"line":9},"7":{"name":"(anonymous_7)","decl":{"start":{"line":13,"column":17},"end":{"line":13,"column":18}},"loc":{"start":{"line":13,"column":29},"end":{"line":44,"column":1}},"line":13},"8":{"name":"Conversion","decl":{"start":{"line":14,"column":11},"end":{"line":14,"column":21}},"loc":{"start":{"line":14,"column":24},"end":{"line":18,"column":3}},"line":14},"9":{"name":"convert","decl":{"start":{"line":22,"column":20},"end":{"line":22,"column":27}},"loc":{"start":{"line":22,"column":33},"end":{"line":35,"column":5}},"line":22},"10":{"name":"(anonymous_10)","decl":{"start":{"line":28,"column":17},"end":{"line":28,"column":18}},"loc":{"start":{"line":28,"column":39},"end":{"line":34,"column":7}},"line":28},"11":{"name":"onceFilled","decl":{"start":{"line":38,"column":20},"end":{"line":38,"column":30}},"loc":{"start":{"line":38,"column":33},"end":{"line":40,"column":5}},"line":38}},"branchMap":{"0":{"loc":{"start":{"line":3,"column":14},"end":{"line":3,"column":268}},"type":"cond-expr","locations":[{"start":{"line":3,"column":84},"end":{"line":3,"column":121}},{"start":{"line":3,"column":124},"end":{"line":3,"column":268}}],"line":3},"1":{"loc":{"start":{"line":3,"column":14},"end":{"line":3,"column":81}},"type":"binary-expr","locations":[{"start":{"line":3,"column":14},"end":{"line":3,"column":42}},{"start":{"line":3,"column":46},"end":{"line":3,"column":81}}],"line":3},"2":{"loc":{"start":{"line":3,"column":148},"end":{"line":3,"column":265}},"type":"cond-expr","locations":[{"start":{"line":3,"column":244},"end":{"line":3,"column":252}},{"start":{"line":3,"column":255},"end":{"line":3,"column":265}}],"line":3},"3":{"loc":{"start":{"line":3,"column":148},"end":{"line":3,"column":241}},"type":"binary-expr","locations":[{"start":{"line":3,"column":148},"end":{"line":3,"column":151}},{"start":{"line":3,"column":155},"end":{"line":3,"column":183}},{"start":{"line":3,"column":187},"end":{"line":3,"column":213}},{"start":{"line":3,"column":217},"end":{"line":3,"column":241}}],"line":3},"4":{"loc":{"start":{"line":5,"column":168},"end":{"line":5,"column":198}},"type":"binary-expr","locations":[{"start":{"line":5,"column":168},"end":{"line":5,"column":189}},{"start":{"line":5,"column":193},"end":{"line":5,"column":198}}],"line":5},"5":{"loc":{"start":{"line":5,"column":232},"end":{"line":5,"column":286}},"type":"if","locations":[{"start":{"line":5,"column":232},"end":{"line":5,"column":286}},{"start":{"line":5,"column":232},"end":{"line":5,"column":286}}],"line":5},"6":{"loc":{"start":{"line":5,"column":407},"end":{"line":5,"column":475}},"type":"if","locations":[{"start":{"line":5,"column":407},"end":{"line":5,"column":475}},{"start":{"line":5,"column":407},"end":{"line":5,"column":475}}],"line":5},"7":{"loc":{"start":{"line":5,"column":476},"end":{"line":5,"column":536}},"type":"if","locations":[{"start":{"line":5,"column":476},"end":{"line":5,"column":536}},{"start":{"line":5,"column":476},"end":{"line":5,"column":536}}],"line":5},"8":{"loc":{"start":{"line":7,"column":35},"end":{"line":7,"column":193}},"type":"if","locations":[{"start":{"line":7,"column":35},"end":{"line":7,"column":193}},{"start":{"line":7,"column":35},"end":{"line":7,"column":193}}],"line":7},"9":{"loc":{"start":{"line":9,"column":50},"end":{"line":9,"column":151}},"type":"if","locations":[{"start":{"line":9,"column":50},"end":{"line":9,"column":151}},{"start":{"line":9,"column":50},"end":{"line":9,"column":151}}],"line":9},"10":{"loc":{"start":{"line":25,"column":16},"end":{"line":25,"column":89}},"type":"cond-expr","locations":[{"start":{"line":25,"column":69},"end":{"line":25,"column":81}},{"start":{"line":25,"column":84},"end":{"line":25,"column":89}}],"line":25},"11":{"loc":{"start":{"line":25,"column":16},"end":{"line":25,"column":66}},"type":"binary-expr","locations":[{"start":{"line":25,"column":16},"end":{"line":25,"column":36}},{"start":{"line":25,"column":40},"end":{"line":25,"column":66}}],"line":25},"12":{"loc":{"start":{"line":27,"column":6},"end":{"line":27,"column":36}},"type":"if","locations":[{"start":{"line":27,"column":6},"end":{"line":27,"column":36}},{"start":{"line":27,"column":6},"end":{"line":27,"column":36}}],"line":27},"13":{"loc":{"start":{"line":29,"column":8},"end":{"line":32,"column":9}},"type":"if","locations":[{"start":{"line":29,"column":8},"end":{"line":32,"column":9}},{"start":{"line":29,"column":8},"end":{"line":32,"column":9}}],"line":29},"14":{"loc":{"start":{"line":29,"column":13},"end":{"line":29,"column":70}},"type":"cond-expr","locations":[{"start":{"line":29,"column":43},"end":{"line":29,"column":54}},{"start":{"line":29,"column":57},"end":{"line":29,"column":70}}],"line":29}},"s":{"0":1,"1":500,"2":0,"3":1,"4":1,"5":2,"6":2,"7":2,"8":2,"9":2,"10":2,"11":1,"12":1,"13":1,"14":1,"15":0,"16":1,"17":1,"18":1,"19":400,"20":1,"21":0,"22":1,"23":0,"24":1,"25":1,"26":1,"27":1,"28":1,"29":101,"30":101,"31":101,"32":0,"33":101,"34":500,"35":400,"36":400,"37":100,"38":1,"39":1,"40":1},"f":{"0":500,"1":0,"2":1,"3":1,"4":1,"5":1,"6":1,"7":1,"8":1,"9":101,"10":500,"11":1},"b":{"0":[1,0],"1":[1,1],"2":[0,0],"3":[0,0,0,0],"4":[2,2],"5":[2,0],"6":[1,0],"7":[0,1],"8":[1,0],"9":[0,1],"10":[100,1],"11":[101,100],"12":[0,101],"13":[400,100],"14":[0,500]},"_coverageSchema":"332fd63041d2c1bcb487cc26dd0d5f7d97098a6c","hash":"eec2979f507126619520dca6229a92c4b5dd009d"}
}
