TN:
SF:/home/polo/Documents/j2c/lib/main.js
FN:3,(anonymous_0)
FN:3,(anonymous_1)
FN:5,(anonymous_2)
FN:5,defineProperties
FN:5,(anonymous_4)
FN:7,_toConsumableArray
FN:9,_classCallCheck
FN:13,(anonymous_7)
FN:14,Conversion
FN:22,convert
FN:28,(anonymous_10)
FN:38,onceFilled
FNF:12
FNH:11
FNDA:500,(anonymous_0)
FNDA:0,(anonymous_1)
FNDA:1,(anonymous_2)
FNDA:1,defineProperties
FNDA:1,(anonymous_4)
FNDA:1,_toConsumableArray
FNDA:1,_classCallCheck
FNDA:1,(anonymous_7)
FNDA:1,Conversion
FNDA:101,convert
FNDA:500,(anonymous_10)
FNDA:1,onceFilled
DA:3,500
DA:5,2
DA:7,400
DA:9,1
DA:11,1
DA:13,1
DA:15,1
DA:17,1
DA:20,1
DA:23,101
DA:25,101
DA:27,101
DA:28,101
DA:29,500
DA:30,400
DA:31,400
DA:33,100
DA:39,1
DA:43,1
DA:46,1
LF:20
LH:20
BRDA:3,0,0,1
BRDA:3,0,1,0
BRDA:3,1,0,1
BRDA:3,1,1,1
BRDA:3,2,0,0
BRDA:3,2,1,0
BRDA:3,3,0,0
BRDA:3,3,1,0
BRDA:3,3,2,0
BRDA:3,3,3,0
BRDA:5,4,0,2
BRDA:5,4,1,2
BRDA:5,5,0,2
BRDA:5,5,1,0
BRDA:5,6,0,1
BRDA:5,6,1,0
BRDA:5,7,0,0
BRDA:5,7,1,1
BRDA:7,8,0,1
BRDA:7,8,1,0
BRDA:9,9,0,0
BRDA:9,9,1,1
BRDA:25,10,0,100
BRDA:25,10,1,1
BRDA:25,11,0,101
BRDA:25,11,1,100
BRDA:27,12,0,0
BRDA:27,12,1,101
BRDA:29,13,0,400
BRDA:29,13,1,100
BRDA:29,14,0,0
BRDA:29,14,1,500
BRF:32
BRH:18
end_of_record
